Determining if the pthread_create exist failed with the following output:
Change Dir: /home/miguel/Documentos/EUFS/catkin_ws/build/eufs_msgs/CMakeFiles/CMakeTmp

Run Build Command:"/usr/bin/make" "cmTC_fd40c/fast"
/usr/bin/make -f CMakeFiles/cmTC_fd40c.dir/build.make CMakeFiles/cmTC_fd40c.dir/build
make[1]: se entra en el directorio '/home/miguel/Documentos/EUFS/catkin_ws/build/eufs_msgs/CMakeFiles/CMakeTmp'
Building C object CMakeFiles/cmTC_fd40c.dir/CheckSymbolExists.c.o
/usr/bin/cc    -o CMakeFiles/cmTC_fd40c.dir/CheckSymbolExists.c.o   -c /home/miguel/Documentos/EUFS/catkin_ws/build/eufs_msgs/CMakeFiles/CMakeTmp/CheckSymbolExists.c
Linking C executable cmTC_fd40c
/usr/bin/cmake -E cmake_link_script CMakeFiles/cmTC_fd40c.dir/link.txt --verbose=1
/usr/bin/cc      -rdynamic CMakeFiles/cmTC_fd40c.dir/CheckSymbolExists.c.o  -o cmTC_fd40c 
CMakeFiles/cmTC_fd40c.dir/CheckSymbolExists.c.o: En la función `main':
CheckSymbolExists.c:(.text+0x1b): referencia a `pthread_create' sin definir
collect2: error: ld returned 1 exit status
CMakeFiles/cmTC_fd40c.dir/build.make:97: fallo en las instrucciones para el objetivo 'cmTC_fd40c'
make[1]: *** [cmTC_fd40c] Error 1
make[1]: se sale del directorio '/home/miguel/Documentos/EUFS/catkin_ws/build/eufs_msgs/CMakeFiles/CMakeTmp'
Makefile:126: fallo en las instrucciones para el objetivo 'cmTC_fd40c/fast'
make: *** [cmTC_fd40c/fast] Error 2

File /home/miguel/Documentos/EUFS/catkin_ws/build/eufs_msgs/CMakeFiles/CMakeTmp/CheckSymbolExists.c:
/* */
#include <pthread.h>

int main(int argc, char** argv)
{
  (void)argv;
#ifndef pthread_create
  return ((int*)(&pthread_create))[argc];
#else
  (void)argc;
  return 0;
#endif
}

Determining if the function pthread_create exists in the pthreads failed with the following output:
Change Dir: /home/miguel/Documentos/EUFS/catkin_ws/build/eufs_msgs/CMakeFiles/CMakeTmp

Run Build Command:"/usr/bin/make" "cmTC_6c2c0/fast"
/usr/bin/make -f CMakeFiles/cmTC_6c2c0.dir/build.make CMakeFiles/cmTC_6c2c0.dir/build
make[1]: se entra en el directorio '/home/miguel/Documentos/EUFS/catkin_ws/build/eufs_msgs/CMakeFiles/CMakeTmp'
Building C object CMakeFiles/cmTC_6c2c0.dir/CheckFunctionExists.c.o
/usr/bin/cc   -DCHECK_FUNCTION_EXISTS=pthread_create   -o CMakeFiles/cmTC_6c2c0.dir/CheckFunctionExists.c.o   -c /usr/share/cmake-3.10/Modules/CheckFunctionExists.c
Linking C executable cmTC_6c2c0
/usr/bin/cmake -E cmake_link_script CMakeFiles/cmTC_6c2c0.dir/link.txt --verbose=1
/usr/bin/cc  -DCHECK_FUNCTION_EXISTS=pthread_create    -rdynamic CMakeFiles/cmTC_6c2c0.dir/CheckFunctionExists.c.o  -o cmTC_6c2c0 -lpthreads 
/usr/bin/ld: no se puede encontrar -lpthreads
collect2: error: ld returned 1 exit status
CMakeFiles/cmTC_6c2c0.dir/build.make:97: fallo en las instrucciones para el objetivo 'cmTC_6c2c0'
make[1]: *** [cmTC_6c2c0] Error 1
make[1]: se sale del directorio '/home/miguel/Documentos/EUFS/catkin_ws/build/eufs_msgs/CMakeFiles/CMakeTmp'
Makefile:126: fallo en las instrucciones para el objetivo 'cmTC_6c2c0/fast'
make: *** [cmTC_6c2c0/fast] Error 2


