Determining if the pthread_create exist failed with the following output:
Change Dir: /home/miguel/Documentos/EUFS/catkin_ws/build/eufs_launcher/CMakeFiles/CMakeTmp

Run Build Command:"/usr/bin/make" "cmTC_cd12b/fast"
/usr/bin/make -f CMakeFiles/cmTC_cd12b.dir/build.make CMakeFiles/cmTC_cd12b.dir/build
make[1]: se entra en el directorio '/home/miguel/Documentos/EUFS/catkin_ws/build/eufs_launcher/CMakeFiles/CMakeTmp'
Building C object CMakeFiles/cmTC_cd12b.dir/CheckSymbolExists.c.o
/usr/bin/cc    -o CMakeFiles/cmTC_cd12b.dir/CheckSymbolExists.c.o   -c /home/miguel/Documentos/EUFS/catkin_ws/build/eufs_launcher/CMakeFiles/CMakeTmp/CheckSymbolExists.c
Linking C executable cmTC_cd12b
/usr/bin/cmake -E cmake_link_script CMakeFiles/cmTC_cd12b.dir/link.txt --verbose=1
/usr/bin/cc      -rdynamic CMakeFiles/cmTC_cd12b.dir/CheckSymbolExists.c.o  -o cmTC_cd12b 
CMakeFiles/cmTC_cd12b.dir/CheckSymbolExists.c.o: En la función `main':
CheckSymbolExists.c:(.text+0x1b): referencia a `pthread_create' sin definir
collect2: error: ld returned 1 exit status
CMakeFiles/cmTC_cd12b.dir/build.make:97: fallo en las instrucciones para el objetivo 'cmTC_cd12b'
make[1]: *** [cmTC_cd12b] Error 1
make[1]: se sale del directorio '/home/miguel/Documentos/EUFS/catkin_ws/build/eufs_launcher/CMakeFiles/CMakeTmp'
Makefile:126: fallo en las instrucciones para el objetivo 'cmTC_cd12b/fast'
make: *** [cmTC_cd12b/fast] Error 2

File /home/miguel/Documentos/EUFS/catkin_ws/build/eufs_launcher/CMakeFiles/CMakeTmp/CheckSymbolExists.c:
/* */
#include <pthread.h>

int main(int argc, char** argv)
{
  (void)argv;
#ifndef pthread_create
  return ((int*)(&pthread_create))[argc];
#else
  (void)argc;
  return 0;
#endif
}

Determining if the function pthread_create exists in the pthreads failed with the following output:
Change Dir: /home/miguel/Documentos/EUFS/catkin_ws/build/eufs_launcher/CMakeFiles/CMakeTmp

Run Build Command:"/usr/bin/make" "cmTC_dcf1f/fast"
/usr/bin/make -f CMakeFiles/cmTC_dcf1f.dir/build.make CMakeFiles/cmTC_dcf1f.dir/build
make[1]: se entra en el directorio '/home/miguel/Documentos/EUFS/catkin_ws/build/eufs_launcher/CMakeFiles/CMakeTmp'
Building C object CMakeFiles/cmTC_dcf1f.dir/CheckFunctionExists.c.o
/usr/bin/cc   -DCHECK_FUNCTION_EXISTS=pthread_create   -o CMakeFiles/cmTC_dcf1f.dir/CheckFunctionExists.c.o   -c /usr/share/cmake-3.10/Modules/CheckFunctionExists.c
Linking C executable cmTC_dcf1f
/usr/bin/cmake -E cmake_link_script CMakeFiles/cmTC_dcf1f.dir/link.txt --verbose=1
/usr/bin/cc  -DCHECK_FUNCTION_EXISTS=pthread_create    -rdynamic CMakeFiles/cmTC_dcf1f.dir/CheckFunctionExists.c.o  -o cmTC_dcf1f -lpthreads 
/usr/bin/ld: no se puede encontrar -lpthreads
collect2: error: ld returned 1 exit status
CMakeFiles/cmTC_dcf1f.dir/build.make:97: fallo en las instrucciones para el objetivo 'cmTC_dcf1f'
make[1]: *** [cmTC_dcf1f] Error 1
make[1]: se sale del directorio '/home/miguel/Documentos/EUFS/catkin_ws/build/eufs_launcher/CMakeFiles/CMakeTmp'
Makefile:126: fallo en las instrucciones para el objetivo 'cmTC_dcf1f/fast'
make: *** [cmTC_dcf1f/fast] Error 2


