Determining if the pthread_create exist failed with the following output:
Change Dir: /home/miguel/Documentos/EUFS/catkin_ws/build/ros_can_sim/CMakeFiles/CMakeTmp

Run Build Command:"/usr/bin/make" "cmTC_20ff3/fast"
/usr/bin/make -f CMakeFiles/cmTC_20ff3.dir/build.make CMakeFiles/cmTC_20ff3.dir/build
make[1]: se entra en el directorio '/home/miguel/Documentos/EUFS/catkin_ws/build/ros_can_sim/CMakeFiles/CMakeTmp'
Building C object CMakeFiles/cmTC_20ff3.dir/CheckSymbolExists.c.o
/usr/bin/cc    -o CMakeFiles/cmTC_20ff3.dir/CheckSymbolExists.c.o   -c /home/miguel/Documentos/EUFS/catkin_ws/build/ros_can_sim/CMakeFiles/CMakeTmp/CheckSymbolExists.c
Linking C executable cmTC_20ff3
/usr/bin/cmake -E cmake_link_script CMakeFiles/cmTC_20ff3.dir/link.txt --verbose=1
/usr/bin/cc      -rdynamic CMakeFiles/cmTC_20ff3.dir/CheckSymbolExists.c.o  -o cmTC_20ff3 
CMakeFiles/cmTC_20ff3.dir/CheckSymbolExists.c.o: En la función `main':
CheckSymbolExists.c:(.text+0x1b): referencia a `pthread_create' sin definir
collect2: error: ld returned 1 exit status
CMakeFiles/cmTC_20ff3.dir/build.make:97: fallo en las instrucciones para el objetivo 'cmTC_20ff3'
make[1]: *** [cmTC_20ff3] Error 1
make[1]: se sale del directorio '/home/miguel/Documentos/EUFS/catkin_ws/build/ros_can_sim/CMakeFiles/CMakeTmp'
Makefile:126: fallo en las instrucciones para el objetivo 'cmTC_20ff3/fast'
make: *** [cmTC_20ff3/fast] Error 2

File /home/miguel/Documentos/EUFS/catkin_ws/build/ros_can_sim/CMakeFiles/CMakeTmp/CheckSymbolExists.c:
/* */
#include <pthread.h>

int main(int argc, char** argv)
{
  (void)argv;
#ifndef pthread_create
  return ((int*)(&pthread_create))[argc];
#else
  (void)argc;
  return 0;
#endif
}

Determining if the function pthread_create exists in the pthreads failed with the following output:
Change Dir: /home/miguel/Documentos/EUFS/catkin_ws/build/ros_can_sim/CMakeFiles/CMakeTmp

Run Build Command:"/usr/bin/make" "cmTC_6d72a/fast"
/usr/bin/make -f CMakeFiles/cmTC_6d72a.dir/build.make CMakeFiles/cmTC_6d72a.dir/build
make[1]: se entra en el directorio '/home/miguel/Documentos/EUFS/catkin_ws/build/ros_can_sim/CMakeFiles/CMakeTmp'
Building C object CMakeFiles/cmTC_6d72a.dir/CheckFunctionExists.c.o
/usr/bin/cc   -DCHECK_FUNCTION_EXISTS=pthread_create   -o CMakeFiles/cmTC_6d72a.dir/CheckFunctionExists.c.o   -c /usr/share/cmake-3.10/Modules/CheckFunctionExists.c
Linking C executable cmTC_6d72a
/usr/bin/cmake -E cmake_link_script CMakeFiles/cmTC_6d72a.dir/link.txt --verbose=1
/usr/bin/cc  -DCHECK_FUNCTION_EXISTS=pthread_create    -rdynamic CMakeFiles/cmTC_6d72a.dir/CheckFunctionExists.c.o  -o cmTC_6d72a -lpthreads 
/usr/bin/ld: no se puede encontrar -lpthreads
collect2: error: ld returned 1 exit status
CMakeFiles/cmTC_6d72a.dir/build.make:97: fallo en las instrucciones para el objetivo 'cmTC_6d72a'
make[1]: *** [cmTC_6d72a] Error 1
make[1]: se sale del directorio '/home/miguel/Documentos/EUFS/catkin_ws/build/ros_can_sim/CMakeFiles/CMakeTmp'
Makefile:126: fallo en las instrucciones para el objetivo 'cmTC_6d72a/fast'
make: *** [cmTC_6d72a/fast] Error 2


