Determining if the pthread_create exist failed with the following output:
Change Dir: /home/miguel/Documentos/EUFS/catkin_ws/build/eufs_gazebo_plugins/CMakeFiles/CMakeTmp

Run Build Command:"/usr/bin/make" "cmTC_a73f2/fast"
/usr/bin/make -f CMakeFiles/cmTC_a73f2.dir/build.make CMakeFiles/cmTC_a73f2.dir/build
make[1]: se entra en el directorio '/home/miguel/Documentos/EUFS/catkin_ws/build/eufs_gazebo_plugins/CMakeFiles/CMakeTmp'
Building C object CMakeFiles/cmTC_a73f2.dir/CheckSymbolExists.c.o
/usr/bin/cc    -o CMakeFiles/cmTC_a73f2.dir/CheckSymbolExists.c.o   -c /home/miguel/Documentos/EUFS/catkin_ws/build/eufs_gazebo_plugins/CMakeFiles/CMakeTmp/CheckSymbolExists.c
Linking C executable cmTC_a73f2
/usr/bin/cmake -E cmake_link_script CMakeFiles/cmTC_a73f2.dir/link.txt --verbose=1
/usr/bin/cc      -rdynamic CMakeFiles/cmTC_a73f2.dir/CheckSymbolExists.c.o  -o cmTC_a73f2 
CMakeFiles/cmTC_a73f2.dir/CheckSymbolExists.c.o: En la función `main':
CheckSymbolExists.c:(.text+0x1b): referencia a `pthread_create' sin definir
collect2: error: ld returned 1 exit status
CMakeFiles/cmTC_a73f2.dir/build.make:97: fallo en las instrucciones para el objetivo 'cmTC_a73f2'
make[1]: *** [cmTC_a73f2] Error 1
make[1]: se sale del directorio '/home/miguel/Documentos/EUFS/catkin_ws/build/eufs_gazebo_plugins/CMakeFiles/CMakeTmp'
Makefile:126: fallo en las instrucciones para el objetivo 'cmTC_a73f2/fast'
make: *** [cmTC_a73f2/fast] Error 2

File /home/miguel/Documentos/EUFS/catkin_ws/build/eufs_gazebo_plugins/CMakeFiles/CMakeTmp/CheckSymbolExists.c:
/* */
#include <pthread.h>

int main(int argc, char** argv)
{
  (void)argv;
#ifndef pthread_create
  return ((int*)(&pthread_create))[argc];
#else
  (void)argc;
  return 0;
#endif
}

Determining if the function pthread_create exists in the pthreads failed with the following output:
Change Dir: /home/miguel/Documentos/EUFS/catkin_ws/build/eufs_gazebo_plugins/CMakeFiles/CMakeTmp

Run Build Command:"/usr/bin/make" "cmTC_5d3f9/fast"
/usr/bin/make -f CMakeFiles/cmTC_5d3f9.dir/build.make CMakeFiles/cmTC_5d3f9.dir/build
make[1]: se entra en el directorio '/home/miguel/Documentos/EUFS/catkin_ws/build/eufs_gazebo_plugins/CMakeFiles/CMakeTmp'
Building C object CMakeFiles/cmTC_5d3f9.dir/CheckFunctionExists.c.o
/usr/bin/cc   -DCHECK_FUNCTION_EXISTS=pthread_create   -o CMakeFiles/cmTC_5d3f9.dir/CheckFunctionExists.c.o   -c /usr/share/cmake-3.10/Modules/CheckFunctionExists.c
Linking C executable cmTC_5d3f9
/usr/bin/cmake -E cmake_link_script CMakeFiles/cmTC_5d3f9.dir/link.txt --verbose=1
/usr/bin/cc  -DCHECK_FUNCTION_EXISTS=pthread_create    -rdynamic CMakeFiles/cmTC_5d3f9.dir/CheckFunctionExists.c.o  -o cmTC_5d3f9 -lpthreads 
/usr/bin/ld: no se puede encontrar -lpthreads
collect2: error: ld returned 1 exit status
CMakeFiles/cmTC_5d3f9.dir/build.make:97: fallo en las instrucciones para el objetivo 'cmTC_5d3f9'
make[1]: *** [cmTC_5d3f9] Error 1
make[1]: se sale del directorio '/home/miguel/Documentos/EUFS/catkin_ws/build/eufs_gazebo_plugins/CMakeFiles/CMakeTmp'
Makefile:126: fallo en las instrucciones para el objetivo 'cmTC_5d3f9/fast'
make: *** [cmTC_5d3f9/fast] Error 2


