Determining if the pthread_create exist failed with the following output:
Change Dir: /home/miguel/Documentos/EUFS/catkin_ws/build/eufs_description/CMakeFiles/CMakeTmp

Run Build Command:"/usr/bin/make" "cmTC_071c2/fast"
/usr/bin/make -f CMakeFiles/cmTC_071c2.dir/build.make CMakeFiles/cmTC_071c2.dir/build
make[1]: se entra en el directorio '/home/miguel/Documentos/EUFS/catkin_ws/build/eufs_description/CMakeFiles/CMakeTmp'
Building C object CMakeFiles/cmTC_071c2.dir/CheckSymbolExists.c.o
/usr/bin/cc    -o CMakeFiles/cmTC_071c2.dir/CheckSymbolExists.c.o   -c /home/miguel/Documentos/EUFS/catkin_ws/build/eufs_description/CMakeFiles/CMakeTmp/CheckSymbolExists.c
Linking C executable cmTC_071c2
/usr/bin/cmake -E cmake_link_script CMakeFiles/cmTC_071c2.dir/link.txt --verbose=1
/usr/bin/cc      -rdynamic CMakeFiles/cmTC_071c2.dir/CheckSymbolExists.c.o  -o cmTC_071c2 
CMakeFiles/cmTC_071c2.dir/CheckSymbolExists.c.o: En la función `main':
CheckSymbolExists.c:(.text+0x1b): referencia a `pthread_create' sin definir
collect2: error: ld returned 1 exit status
CMakeFiles/cmTC_071c2.dir/build.make:97: fallo en las instrucciones para el objetivo 'cmTC_071c2'
make[1]: *** [cmTC_071c2] Error 1
make[1]: se sale del directorio '/home/miguel/Documentos/EUFS/catkin_ws/build/eufs_description/CMakeFiles/CMakeTmp'
Makefile:126: fallo en las instrucciones para el objetivo 'cmTC_071c2/fast'
make: *** [cmTC_071c2/fast] Error 2

File /home/miguel/Documentos/EUFS/catkin_ws/build/eufs_description/CMakeFiles/CMakeTmp/CheckSymbolExists.c:
/* */
#include <pthread.h>

int main(int argc, char** argv)
{
  (void)argv;
#ifndef pthread_create
  return ((int*)(&pthread_create))[argc];
#else
  (void)argc;
  return 0;
#endif
}

Determining if the function pthread_create exists in the pthreads failed with the following output:
Change Dir: /home/miguel/Documentos/EUFS/catkin_ws/build/eufs_description/CMakeFiles/CMakeTmp

Run Build Command:"/usr/bin/make" "cmTC_0facb/fast"
/usr/bin/make -f CMakeFiles/cmTC_0facb.dir/build.make CMakeFiles/cmTC_0facb.dir/build
make[1]: se entra en el directorio '/home/miguel/Documentos/EUFS/catkin_ws/build/eufs_description/CMakeFiles/CMakeTmp'
Building C object CMakeFiles/cmTC_0facb.dir/CheckFunctionExists.c.o
/usr/bin/cc   -DCHECK_FUNCTION_EXISTS=pthread_create   -o CMakeFiles/cmTC_0facb.dir/CheckFunctionExists.c.o   -c /usr/share/cmake-3.10/Modules/CheckFunctionExists.c
Linking C executable cmTC_0facb
/usr/bin/cmake -E cmake_link_script CMakeFiles/cmTC_0facb.dir/link.txt --verbose=1
/usr/bin/cc  -DCHECK_FUNCTION_EXISTS=pthread_create    -rdynamic CMakeFiles/cmTC_0facb.dir/CheckFunctionExists.c.o  -o cmTC_0facb -lpthreads 
/usr/bin/ld: no se puede encontrar -lpthreads
collect2: error: ld returned 1 exit status
CMakeFiles/cmTC_0facb.dir/build.make:97: fallo en las instrucciones para el objetivo 'cmTC_0facb'
make[1]: *** [cmTC_0facb] Error 1
make[1]: se sale del directorio '/home/miguel/Documentos/EUFS/catkin_ws/build/eufs_description/CMakeFiles/CMakeTmp'
Makefile:126: fallo en las instrucciones para el objetivo 'cmTC_0facb/fast'
make: *** [cmTC_0facb/fast] Error 2


