Linked: (/home/miguel/Documentos/EUFS/catkin_ws/devel/.private/eufs_msgs/lib/pkgconfig/eufs_msgs.pc, /home/miguel/Documentos/EUFS/catkin_ws/devel/lib/pkgconfig/eufs_msgs.pc)
Linked: (/home/miguel/Documentos/EUFS/catkin_ws/devel/.private/eufs_msgs/lib/python2.7/dist-packages/eufs_msgs/__init__.py, /home/miguel/Documentos/EUFS/catkin_ws/devel/lib/python2.7/dist-packages/eufs_msgs/__init__.py)
Linked: (/home/miguel/Documentos/EUFS/catkin_ws/devel/.private/eufs_msgs/lib/python2.7/dist-packages/eufs_msgs/msg/_CheckForObjectsResult.py, /home/miguel/Documentos/EUFS/catkin_ws/devel/lib/python2.7/dist-packages/eufs_msgs/msg/_CheckForObjectsResult.py)
Linked: (/home/miguel/Documentos/EUFS/catkin_ws/devel/.private/eufs_msgs/lib/python2.7/dist-packages/eufs_msgs/msg/_WheelSpeeds.py, /home/miguel/Documentos/EUFS/catkin_ws/devel/lib/python2.7/dist-packages/eufs_msgs/msg/_WheelSpeeds.py)
Linked: (/home/miguel/Documentos/EUFS/catkin_ws/devel/.private/eufs_msgs/lib/python2.7/dist-packages/eufs_msgs/msg/_CarState.py, /home/miguel/Documentos/EUFS/catkin_ws/devel/lib/python2.7/dist-packages/eufs_msgs/msg/_CarState.py)
Linked: (/home/miguel/Documentos/EUFS/catkin_ws/devel/.private/eufs_msgs/lib/python2.7/dist-packages/eufs_msgs/msg/_FullState.py, /home/miguel/Documentos/EUFS/catkin_ws/devel/lib/python2.7/dist-packages/eufs_msgs/msg/_FullState.py)
Linked: (/home/miguel/Documentos/EUFS/catkin_ws/devel/.private/eufs_msgs/lib/python2.7/dist-packages/eufs_msgs/msg/_WheelSpeedsStamped.py, /home/miguel/Documentos/EUFS/catkin_ws/devel/lib/python2.7/dist-packages/eufs_msgs/msg/_WheelSpeedsStamped.py)
Linked: (/home/miguel/Documentos/EUFS/catkin_ws/devel/.private/eufs_msgs/lib/python2.7/dist-packages/eufs_msgs/msg/_Costmap.py, /home/miguel/Documentos/EUFS/catkin_ws/devel/lib/python2.7/dist-packages/eufs_msgs/msg/_Costmap.py)
Linked: (/home/miguel/Documentos/EUFS/catkin_ws/devel/.private/eufs_msgs/lib/python2.7/dist-packages/eufs_msgs/msg/_ConeWithCovariance.py, /home/miguel/Documentos/EUFS/catkin_ws/devel/lib/python2.7/dist-packages/eufs_msgs/msg/_ConeWithCovariance.py)
Linked: (/home/miguel/Documentos/EUFS/catkin_ws/devel/.private/eufs_msgs/lib/python2.7/dist-packages/eufs_msgs/msg/_PointArrayStamped.py, /home/miguel/Documentos/EUFS/catkin_ws/devel/lib/python2.7/dist-packages/eufs_msgs/msg/_PointArrayStamped.py)
Linked: (/home/miguel/Documentos/EUFS/catkin_ws/devel/.private/eufs_msgs/lib/python2.7/dist-packages/eufs_msgs/msg/_SLAMState.py, /home/miguel/Documentos/EUFS/catkin_ws/devel/lib/python2.7/dist-packages/eufs_msgs/msg/_SLAMState.py)
Linked: (/home/miguel/Documentos/EUFS/catkin_ws/devel/.private/eufs_msgs/lib/python2.7/dist-packages/eufs_msgs/msg/_EKFErr.py, /home/miguel/Documentos/EUFS/catkin_ws/devel/lib/python2.7/dist-packages/eufs_msgs/msg/_EKFErr.py)
Linked: (/home/miguel/Documentos/EUFS/catkin_ws/devel/.private/eufs_msgs/lib/python2.7/dist-packages/eufs_msgs/msg/_PathIntegralParams.py, /home/miguel/Documentos/EUFS/catkin_ws/devel/lib/python2.7/dist-packages/eufs_msgs/msg/_PathIntegralParams.py)
Linked: (/home/miguel/Documentos/EUFS/catkin_ws/devel/.private/eufs_msgs/lib/python2.7/dist-packages/eufs_msgs/msg/_Runstop.py, /home/miguel/Documentos/EUFS/catkin_ws/devel/lib/python2.7/dist-packages/eufs_msgs/msg/_Runstop.py)
Linked: (/home/miguel/Documentos/EUFS/catkin_ws/devel/.private/eufs_msgs/lib/python2.7/dist-packages/eufs_msgs/msg/_CheckForObjectsAction.py, /home/miguel/Documentos/EUFS/catkin_ws/devel/lib/python2.7/dist-packages/eufs_msgs/msg/_CheckForObjectsAction.py)
Linked: (/home/miguel/Documentos/EUFS/catkin_ws/devel/.private/eufs_msgs/lib/python2.7/dist-packages/eufs_msgs/msg/_PointArray.py, /home/miguel/Documentos/EUFS/catkin_ws/devel/lib/python2.7/dist-packages/eufs_msgs/msg/_PointArray.py)
Linked: (/home/miguel/Documentos/EUFS/catkin_ws/devel/.private/eufs_msgs/lib/python2.7/dist-packages/eufs_msgs/msg/_ChassisState.py, /home/miguel/Documentos/EUFS/catkin_ws/devel/lib/python2.7/dist-packages/eufs_msgs/msg/_ChassisState.py)
Linked: (/home/miguel/Documentos/EUFS/catkin_ws/devel/.private/eufs_msgs/lib/python2.7/dist-packages/eufs_msgs/msg/_EKFState.py, /home/miguel/Documentos/EUFS/catkin_ws/devel/lib/python2.7/dist-packages/eufs_msgs/msg/_EKFState.py)
Linked: (/home/miguel/Documentos/EUFS/catkin_ws/devel/.private/eufs_msgs/lib/python2.7/dist-packages/eufs_msgs/msg/_PathIntegralTiming.py, /home/miguel/Documentos/EUFS/catkin_ws/devel/lib/python2.7/dist-packages/eufs_msgs/msg/_PathIntegralTiming.py)
Linked: (/home/miguel/Documentos/EUFS/catkin_ws/devel/.private/eufs_msgs/lib/python2.7/dist-packages/eufs_msgs/msg/_WaypointArrayStamped.py, /home/miguel/Documentos/EUFS/catkin_ws/devel/lib/python2.7/dist-packages/eufs_msgs/msg/_WaypointArrayStamped.py)
Linked: (/home/miguel/Documentos/EUFS/catkin_ws/devel/.private/eufs_msgs/lib/python2.7/dist-packages/eufs_msgs/msg/_SLAMErr.py, /home/miguel/Documentos/EUFS/catkin_ws/devel/lib/python2.7/dist-packages/eufs_msgs/msg/_SLAMErr.py)
Linked: (/home/miguel/Documentos/EUFS/catkin_ws/devel/.private/eufs_msgs/lib/python2.7/dist-packages/eufs_msgs/msg/_ChassisCommand.py, /home/miguel/Documentos/EUFS/catkin_ws/devel/lib/python2.7/dist-packages/eufs_msgs/msg/_ChassisCommand.py)
Linked: (/home/miguel/Documentos/EUFS/catkin_ws/devel/.private/eufs_msgs/lib/python2.7/dist-packages/eufs_msgs/msg/_CheckForObjectsActionGoal.py, /home/miguel/Documentos/EUFS/catkin_ws/devel/lib/python2.7/dist-packages/eufs_msgs/msg/_CheckForObjectsActionGoal.py)
Linked: (/home/miguel/Documentos/EUFS/catkin_ws/devel/.private/eufs_msgs/lib/python2.7/dist-packages/eufs_msgs/msg/_Waypoint.py, /home/miguel/Documentos/EUFS/catkin_ws/devel/lib/python2.7/dist-packages/eufs_msgs/msg/_Waypoint.py)
Linked: (/home/miguel/Documentos/EUFS/catkin_ws/devel/.private/eufs_msgs/lib/python2.7/dist-packages/eufs_msgs/msg/_TopicStatus.py, /home/miguel/Documentos/EUFS/catkin_ws/devel/lib/python2.7/dist-packages/eufs_msgs/msg/_TopicStatus.py)
Linked: (/home/miguel/Documentos/EUFS/catkin_ws/devel/.private/eufs_msgs/lib/python2.7/dist-packages/eufs_msgs/msg/_CheckForObjectsGoal.py, /home/miguel/Documentos/EUFS/catkin_ws/devel/lib/python2.7/dist-packages/eufs_msgs/msg/_CheckForObjectsGoal.py)
Linked: (/home/miguel/Documentos/EUFS/catkin_ws/devel/.private/eufs_msgs/lib/python2.7/dist-packages/eufs_msgs/msg/_CheckForObjectsActionFeedback.py, /home/miguel/Documentos/EUFS/catkin_ws/devel/lib/python2.7/dist-packages/eufs_msgs/msg/_CheckForObjectsActionFeedback.py)
Linked: (/home/miguel/Documentos/EUFS/catkin_ws/devel/.private/eufs_msgs/lib/python2.7/dist-packages/eufs_msgs/msg/_CanState.py, /home/miguel/Documentos/EUFS/catkin_ws/devel/lib/python2.7/dist-packages/eufs_msgs/msg/_CanState.py)
Linked: (/home/miguel/Documentos/EUFS/catkin_ws/devel/.private/eufs_msgs/lib/python2.7/dist-packages/eufs_msgs/msg/_CheckForObjectsFeedback.py, /home/miguel/Documentos/EUFS/catkin_ws/devel/lib/python2.7/dist-packages/eufs_msgs/msg/_CheckForObjectsFeedback.py)
Linked: (/home/miguel/Documentos/EUFS/catkin_ws/devel/.private/eufs_msgs/lib/python2.7/dist-packages/eufs_msgs/msg/_ConeArray.py, /home/miguel/Documentos/EUFS/catkin_ws/devel/lib/python2.7/dist-packages/eufs_msgs/msg/_ConeArray.py)
Linked: (/home/miguel/Documentos/EUFS/catkin_ws/devel/.private/eufs_msgs/lib/python2.7/dist-packages/eufs_msgs/msg/_PathIntegralStatus.py, /home/miguel/Documentos/EUFS/catkin_ws/devel/lib/python2.7/dist-packages/eufs_msgs/msg/_PathIntegralStatus.py)
Linked: (/home/miguel/Documentos/EUFS/catkin_ws/devel/.private/eufs_msgs/lib/python2.7/dist-packages/eufs_msgs/msg/__init__.py, /home/miguel/Documentos/EUFS/catkin_ws/devel/lib/python2.7/dist-packages/eufs_msgs/msg/__init__.py)
Linked: (/home/miguel/Documentos/EUFS/catkin_ws/devel/.private/eufs_msgs/lib/python2.7/dist-packages/eufs_msgs/msg/_LapStats.py, /home/miguel/Documentos/EUFS/catkin_ws/devel/lib/python2.7/dist-packages/eufs_msgs/msg/_LapStats.py)
Linked: (/home/miguel/Documentos/EUFS/catkin_ws/devel/.private/eufs_msgs/lib/python2.7/dist-packages/eufs_msgs/msg/_BoundingBoxes.py, /home/miguel/Documentos/EUFS/catkin_ws/devel/lib/python2.7/dist-packages/eufs_msgs/msg/_BoundingBoxes.py)
Linked: (/home/miguel/Documentos/EUFS/catkin_ws/devel/.private/eufs_msgs/lib/python2.7/dist-packages/eufs_msgs/msg/_CheckForObjectsActionResult.py, /home/miguel/Documentos/EUFS/catkin_ws/devel/lib/python2.7/dist-packages/eufs_msgs/msg/_CheckForObjectsActionResult.py)
Linked: (/home/miguel/Documentos/EUFS/catkin_ws/devel/.private/eufs_msgs/lib/python2.7/dist-packages/eufs_msgs/msg/_SystemStatus.py, /home/miguel/Documentos/EUFS/catkin_ws/devel/lib/python2.7/dist-packages/eufs_msgs/msg/_SystemStatus.py)
Linked: (/home/miguel/Documentos/EUFS/catkin_ws/devel/.private/eufs_msgs/lib/python2.7/dist-packages/eufs_msgs/msg/_ConeArrayWithCovariance.py, /home/miguel/Documentos/EUFS/catkin_ws/devel/lib/python2.7/dist-packages/eufs_msgs/msg/_ConeArrayWithCovariance.py)
Linked: (/home/miguel/Documentos/EUFS/catkin_ws/devel/.private/eufs_msgs/lib/python2.7/dist-packages/eufs_msgs/msg/_BoundingBox.py, /home/miguel/Documentos/EUFS/catkin_ws/devel/lib/python2.7/dist-packages/eufs_msgs/msg/_BoundingBox.py)
Linked: (/home/miguel/Documentos/EUFS/catkin_ws/devel/.private/eufs_msgs/lib/python2.7/dist-packages/eufs_msgs/msg/_PathIntegralStats.py, /home/miguel/Documentos/EUFS/catkin_ws/devel/lib/python2.7/dist-packages/eufs_msgs/msg/_PathIntegralStats.py)
Linked: (/home/miguel/Documentos/EUFS/catkin_ws/devel/.private/eufs_msgs/include/eufs_msgs/CheckForObjectsGoal.h, /home/miguel/Documentos/EUFS/catkin_ws/devel/include/eufs_msgs/CheckForObjectsGoal.h)
Linked: (/home/miguel/Documentos/EUFS/catkin_ws/devel/.private/eufs_msgs/include/eufs_msgs/Runstop.h, /home/miguel/Documentos/EUFS/catkin_ws/devel/include/eufs_msgs/Runstop.h)
Linked: (/home/miguel/Documentos/EUFS/catkin_ws/devel/.private/eufs_msgs/include/eufs_msgs/CarState.h, /home/miguel/Documentos/EUFS/catkin_ws/devel/include/eufs_msgs/CarState.h)
Linked: (/home/miguel/Documentos/EUFS/catkin_ws/devel/.private/eufs_msgs/include/eufs_msgs/FullState.h, /home/miguel/Documentos/EUFS/catkin_ws/devel/include/eufs_msgs/FullState.h)
Linked: (/home/miguel/Documentos/EUFS/catkin_ws/devel/.private/eufs_msgs/include/eufs_msgs/PathIntegralTiming.h, /home/miguel/Documentos/EUFS/catkin_ws/devel/include/eufs_msgs/PathIntegralTiming.h)
Linked: (/home/miguel/Documentos/EUFS/catkin_ws/devel/.private/eufs_msgs/include/eufs_msgs/CheckForObjectsActionGoal.h, /home/miguel/Documentos/EUFS/catkin_ws/devel/include/eufs_msgs/CheckForObjectsActionGoal.h)
Linked: (/home/miguel/Documentos/EUFS/catkin_ws/devel/.private/eufs_msgs/include/eufs_msgs/ConeWithCovariance.h, /home/miguel/Documentos/EUFS/catkin_ws/devel/include/eufs_msgs/ConeWithCovariance.h)
Linked: (/home/miguel/Documentos/EUFS/catkin_ws/devel/.private/eufs_msgs/include/eufs_msgs/TopicStatus.h, /home/miguel/Documentos/EUFS/catkin_ws/devel/include/eufs_msgs/TopicStatus.h)
Linked: (/home/miguel/Documentos/EUFS/catkin_ws/devel/.private/eufs_msgs/include/eufs_msgs/PathIntegralParams.h, /home/miguel/Documentos/EUFS/catkin_ws/devel/include/eufs_msgs/PathIntegralParams.h)
Linked: (/home/miguel/Documentos/EUFS/catkin_ws/devel/.private/eufs_msgs/include/eufs_msgs/ChassisCommand.h, /home/miguel/Documentos/EUFS/catkin_ws/devel/include/eufs_msgs/ChassisCommand.h)
Linked: (/home/miguel/Documentos/EUFS/catkin_ws/devel/.private/eufs_msgs/include/eufs_msgs/Costmap.h, /home/miguel/Documentos/EUFS/catkin_ws/devel/include/eufs_msgs/Costmap.h)
Linked: (/home/miguel/Documentos/EUFS/catkin_ws/devel/.private/eufs_msgs/include/eufs_msgs/WheelSpeedsStamped.h, /home/miguel/Documentos/EUFS/catkin_ws/devel/include/eufs_msgs/WheelSpeedsStamped.h)
Linked: (/home/miguel/Documentos/EUFS/catkin_ws/devel/.private/eufs_msgs/include/eufs_msgs/EKFState.h, /home/miguel/Documentos/EUFS/catkin_ws/devel/include/eufs_msgs/EKFState.h)
Linked: (/home/miguel/Documentos/EUFS/catkin_ws/devel/.private/eufs_msgs/include/eufs_msgs/EKFErr.h, /home/miguel/Documentos/EUFS/catkin_ws/devel/include/eufs_msgs/EKFErr.h)
Linked: (/home/miguel/Documentos/EUFS/catkin_ws/devel/.private/eufs_msgs/include/eufs_msgs/WheelSpeeds.h, /home/miguel/Documentos/EUFS/catkin_ws/devel/include/eufs_msgs/WheelSpeeds.h)
Linked: (/home/miguel/Documentos/EUFS/catkin_ws/devel/.private/eufs_msgs/include/eufs_msgs/CanState.h, /home/miguel/Documentos/EUFS/catkin_ws/devel/include/eufs_msgs/CanState.h)
Linked: (/home/miguel/Documentos/EUFS/catkin_ws/devel/.private/eufs_msgs/include/eufs_msgs/CheckForObjectsFeedback.h, /home/miguel/Documentos/EUFS/catkin_ws/devel/include/eufs_msgs/CheckForObjectsFeedback.h)
Linked: (/home/miguel/Documentos/EUFS/catkin_ws/devel/.private/eufs_msgs/include/eufs_msgs/ChassisState.h, /home/miguel/Documentos/EUFS/catkin_ws/devel/include/eufs_msgs/ChassisState.h)
Linked: (/home/miguel/Documentos/EUFS/catkin_ws/devel/.private/eufs_msgs/include/eufs_msgs/Waypoint.h, /home/miguel/Documentos/EUFS/catkin_ws/devel/include/eufs_msgs/Waypoint.h)
Linked: (/home/miguel/Documentos/EUFS/catkin_ws/devel/.private/eufs_msgs/include/eufs_msgs/WaypointArrayStamped.h, /home/miguel/Documentos/EUFS/catkin_ws/devel/include/eufs_msgs/WaypointArrayStamped.h)
Linked: (/home/miguel/Documentos/EUFS/catkin_ws/devel/.private/eufs_msgs/include/eufs_msgs/SLAMErr.h, /home/miguel/Documentos/EUFS/catkin_ws/devel/include/eufs_msgs/SLAMErr.h)
Linked: (/home/miguel/Documentos/EUFS/catkin_ws/devel/.private/eufs_msgs/include/eufs_msgs/CheckForObjectsResult.h, /home/miguel/Documentos/EUFS/catkin_ws/devel/include/eufs_msgs/CheckForObjectsResult.h)
Linked: (/home/miguel/Documentos/EUFS/catkin_ws/devel/.private/eufs_msgs/include/eufs_msgs/LapStats.h, /home/miguel/Documentos/EUFS/catkin_ws/devel/include/eufs_msgs/LapStats.h)
Linked: (/home/miguel/Documentos/EUFS/catkin_ws/devel/.private/eufs_msgs/include/eufs_msgs/PointArray.h, /home/miguel/Documentos/EUFS/catkin_ws/devel/include/eufs_msgs/PointArray.h)
Linked: (/home/miguel/Documentos/EUFS/catkin_ws/devel/.private/eufs_msgs/include/eufs_msgs/CheckForObjectsActionFeedback.h, /home/miguel/Documentos/EUFS/catkin_ws/devel/include/eufs_msgs/CheckForObjectsActionFeedback.h)
Linked: (/home/miguel/Documentos/EUFS/catkin_ws/devel/.private/eufs_msgs/include/eufs_msgs/ConeArray.h, /home/miguel/Documentos/EUFS/catkin_ws/devel/include/eufs_msgs/ConeArray.h)
Linked: (/home/miguel/Documentos/EUFS/catkin_ws/devel/.private/eufs_msgs/include/eufs_msgs/PointArrayStamped.h, /home/miguel/Documentos/EUFS/catkin_ws/devel/include/eufs_msgs/PointArrayStamped.h)
Linked: (/home/miguel/Documentos/EUFS/catkin_ws/devel/.private/eufs_msgs/include/eufs_msgs/SystemStatus.h, /home/miguel/Documentos/EUFS/catkin_ws/devel/include/eufs_msgs/SystemStatus.h)
Linked: (/home/miguel/Documentos/EUFS/catkin_ws/devel/.private/eufs_msgs/include/eufs_msgs/BoundingBoxes.h, /home/miguel/Documentos/EUFS/catkin_ws/devel/include/eufs_msgs/BoundingBoxes.h)
Linked: (/home/miguel/Documentos/EUFS/catkin_ws/devel/.private/eufs_msgs/include/eufs_msgs/PathIntegralStatus.h, /home/miguel/Documentos/EUFS/catkin_ws/devel/include/eufs_msgs/PathIntegralStatus.h)
Linked: (/home/miguel/Documentos/EUFS/catkin_ws/devel/.private/eufs_msgs/include/eufs_msgs/BoundingBox.h, /home/miguel/Documentos/EUFS/catkin_ws/devel/include/eufs_msgs/BoundingBox.h)
Linked: (/home/miguel/Documentos/EUFS/catkin_ws/devel/.private/eufs_msgs/include/eufs_msgs/CheckForObjectsActionResult.h, /home/miguel/Documentos/EUFS/catkin_ws/devel/include/eufs_msgs/CheckForObjectsActionResult.h)
Linked: (/home/miguel/Documentos/EUFS/catkin_ws/devel/.private/eufs_msgs/include/eufs_msgs/ConeArrayWithCovariance.h, /home/miguel/Documentos/EUFS/catkin_ws/devel/include/eufs_msgs/ConeArrayWithCovariance.h)
Linked: (/home/miguel/Documentos/EUFS/catkin_ws/devel/.private/eufs_msgs/include/eufs_msgs/CheckForObjectsAction.h, /home/miguel/Documentos/EUFS/catkin_ws/devel/include/eufs_msgs/CheckForObjectsAction.h)
Linked: (/home/miguel/Documentos/EUFS/catkin_ws/devel/.private/eufs_msgs/include/eufs_msgs/SLAMState.h, /home/miguel/Documentos/EUFS/catkin_ws/devel/include/eufs_msgs/SLAMState.h)
Linked: (/home/miguel/Documentos/EUFS/catkin_ws/devel/.private/eufs_msgs/include/eufs_msgs/PathIntegralStats.h, /home/miguel/Documentos/EUFS/catkin_ws/devel/include/eufs_msgs/PathIntegralStats.h)
Linked: (/home/miguel/Documentos/EUFS/catkin_ws/devel/.private/eufs_msgs/share/eufs_msgs/cmake/eufs_msgsConfig.cmake, /home/miguel/Documentos/EUFS/catkin_ws/devel/share/eufs_msgs/cmake/eufs_msgsConfig.cmake)
Linked: (/home/miguel/Documentos/EUFS/catkin_ws/devel/.private/eufs_msgs/share/eufs_msgs/cmake/eufs_msgs-msg-extras.cmake, /home/miguel/Documentos/EUFS/catkin_ws/devel/share/eufs_msgs/cmake/eufs_msgs-msg-extras.cmake)
Linked: (/home/miguel/Documentos/EUFS/catkin_ws/devel/.private/eufs_msgs/share/eufs_msgs/cmake/eufs_msgs-msg-paths.cmake, /home/miguel/Documentos/EUFS/catkin_ws/devel/share/eufs_msgs/cmake/eufs_msgs-msg-paths.cmake)
Linked: (/home/miguel/Documentos/EUFS/catkin_ws/devel/.private/eufs_msgs/share/eufs_msgs/cmake/eufs_msgsConfig-version.cmake, /home/miguel/Documentos/EUFS/catkin_ws/devel/share/eufs_msgs/cmake/eufs_msgsConfig-version.cmake)
Linked: (/home/miguel/Documentos/EUFS/catkin_ws/devel/.private/eufs_msgs/share/eufs_msgs/msg/CheckForObjectsAction.msg, /home/miguel/Documentos/EUFS/catkin_ws/devel/share/eufs_msgs/msg/CheckForObjectsAction.msg)
Linked: (/home/miguel/Documentos/EUFS/catkin_ws/devel/.private/eufs_msgs/share/eufs_msgs/msg/CheckForObjectsActionGoal.msg, /home/miguel/Documentos/EUFS/catkin_ws/devel/share/eufs_msgs/msg/CheckForObjectsActionGoal.msg)
Linked: (/home/miguel/Documentos/EUFS/catkin_ws/devel/.private/eufs_msgs/share/eufs_msgs/msg/CheckForObjectsFeedback.msg, /home/miguel/Documentos/EUFS/catkin_ws/devel/share/eufs_msgs/msg/CheckForObjectsFeedback.msg)
Linked: (/home/miguel/Documentos/EUFS/catkin_ws/devel/.private/eufs_msgs/share/eufs_msgs/msg/CheckForObjectsResult.msg, /home/miguel/Documentos/EUFS/catkin_ws/devel/share/eufs_msgs/msg/CheckForObjectsResult.msg)
Linked: (/home/miguel/Documentos/EUFS/catkin_ws/devel/.private/eufs_msgs/share/eufs_msgs/msg/CheckForObjectsGoal.msg, /home/miguel/Documentos/EUFS/catkin_ws/devel/share/eufs_msgs/msg/CheckForObjectsGoal.msg)
Linked: (/home/miguel/Documentos/EUFS/catkin_ws/devel/.private/eufs_msgs/share/eufs_msgs/msg/CheckForObjectsActionResult.msg, /home/miguel/Documentos/EUFS/catkin_ws/devel/share/eufs_msgs/msg/CheckForObjectsActionResult.msg)
Linked: (/home/miguel/Documentos/EUFS/catkin_ws/devel/.private/eufs_msgs/share/eufs_msgs/msg/CheckForObjectsActionFeedback.msg, /home/miguel/Documentos/EUFS/catkin_ws/devel/share/eufs_msgs/msg/CheckForObjectsActionFeedback.msg)
Linked: (/home/miguel/Documentos/EUFS/catkin_ws/devel/.private/eufs_msgs/share/common-lisp/ros/eufs_msgs/msg/_package_PathIntegralParams.lisp, /home/miguel/Documentos/EUFS/catkin_ws/devel/share/common-lisp/ros/eufs_msgs/msg/_package_PathIntegralParams.lisp)
Linked: (/home/miguel/Documentos/EUFS/catkin_ws/devel/.private/eufs_msgs/share/common-lisp/ros/eufs_msgs/msg/_package_BoundingBox.lisp, /home/miguel/Documentos/EUFS/catkin_ws/devel/share/common-lisp/ros/eufs_msgs/msg/_package_BoundingBox.lisp)
Linked: (/home/miguel/Documentos/EUFS/catkin_ws/devel/.private/eufs_msgs/share/common-lisp/ros/eufs_msgs/msg/eufs_msgs-msg.asd, /home/miguel/Documentos/EUFS/catkin_ws/devel/share/common-lisp/ros/eufs_msgs/msg/eufs_msgs-msg.asd)
Linked: (/home/miguel/Documentos/EUFS/catkin_ws/devel/.private/eufs_msgs/share/common-lisp/ros/eufs_msgs/msg/CheckForObjectsGoal.lisp, /home/miguel/Documentos/EUFS/catkin_ws/devel/share/common-lisp/ros/eufs_msgs/msg/CheckForObjectsGoal.lisp)
Linked: (/home/miguel/Documentos/EUFS/catkin_ws/devel/.private/eufs_msgs/share/common-lisp/ros/eufs_msgs/msg/ConeWithCovariance.lisp, /home/miguel/Documentos/EUFS/catkin_ws/devel/share/common-lisp/ros/eufs_msgs/msg/ConeWithCovariance.lisp)
Linked: (/home/miguel/Documentos/EUFS/catkin_ws/devel/.private/eufs_msgs/share/common-lisp/ros/eufs_msgs/msg/_package_ChassisCommand.lisp, /home/miguel/Documentos/EUFS/catkin_ws/devel/share/common-lisp/ros/eufs_msgs/msg/_package_ChassisCommand.lisp)
Linked: (/home/miguel/Documentos/EUFS/catkin_ws/devel/.private/eufs_msgs/share/common-lisp/ros/eufs_msgs/msg/_package_CheckForObjectsFeedback.lisp, /home/miguel/Documentos/EUFS/catkin_ws/devel/share/common-lisp/ros/eufs_msgs/msg/_package_CheckForObjectsFeedback.lisp)
Linked: (/home/miguel/Documentos/EUFS/catkin_ws/devel/.private/eufs_msgs/share/common-lisp/ros/eufs_msgs/msg/_package_CheckForObjectsAction.lisp, /home/miguel/Documentos/EUFS/catkin_ws/devel/share/common-lisp/ros/eufs_msgs/msg/_package_CheckForObjectsAction.lisp)
Linked: (/home/miguel/Documentos/EUFS/catkin_ws/devel/.private/eufs_msgs/share/common-lisp/ros/eufs_msgs/msg/CheckForObjectsActionFeedback.lisp, /home/miguel/Documentos/EUFS/catkin_ws/devel/share/common-lisp/ros/eufs_msgs/msg/CheckForObjectsActionFeedback.lisp)
Linked: (/home/miguel/Documentos/EUFS/catkin_ws/devel/.private/eufs_msgs/share/common-lisp/ros/eufs_msgs/msg/WheelSpeedsStamped.lisp, /home/miguel/Documentos/EUFS/catkin_ws/devel/share/common-lisp/ros/eufs_msgs/msg/WheelSpeedsStamped.lisp)
Linked: (/home/miguel/Documentos/EUFS/catkin_ws/devel/.private/eufs_msgs/share/common-lisp/ros/eufs_msgs/msg/_package_TopicStatus.lisp, /home/miguel/Documentos/EUFS/catkin_ws/devel/share/common-lisp/ros/eufs_msgs/msg/_package_TopicStatus.lisp)
Linked: (/home/miguel/Documentos/EUFS/catkin_ws/devel/.private/eufs_msgs/share/common-lisp/ros/eufs_msgs/msg/CheckForObjectsActionGoal.lisp, /home/miguel/Documentos/EUFS/catkin_ws/devel/share/common-lisp/ros/eufs_msgs/msg/CheckForObjectsActionGoal.lisp)
Linked: (/home/miguel/Documentos/EUFS/catkin_ws/devel/.private/eufs_msgs/share/common-lisp/ros/eufs_msgs/msg/_package_ChassisState.lisp, /home/miguel/Documentos/EUFS/catkin_ws/devel/share/common-lisp/ros/eufs_msgs/msg/_package_ChassisState.lisp)
Linked: (/home/miguel/Documentos/EUFS/catkin_ws/devel/.private/eufs_msgs/share/common-lisp/ros/eufs_msgs/msg/_package_CheckForObjectsActionFeedback.lisp, /home/miguel/Documentos/EUFS/catkin_ws/devel/share/common-lisp/ros/eufs_msgs/msg/_package_CheckForObjectsActionFeedback.lisp)
Linked: (/home/miguel/Documentos/EUFS/catkin_ws/devel/.private/eufs_msgs/share/common-lisp/ros/eufs_msgs/msg/SLAMErr.lisp, /home/miguel/Documentos/EUFS/catkin_ws/devel/share/common-lisp/ros/eufs_msgs/msg/SLAMErr.lisp)
Linked: (/home/miguel/Documentos/EUFS/catkin_ws/devel/.private/eufs_msgs/share/common-lisp/ros/eufs_msgs/msg/_package_PathIntegralStatus.lisp, /home/miguel/Documentos/EUFS/catkin_ws/devel/share/common-lisp/ros/eufs_msgs/msg/_package_PathIntegralStatus.lisp)
Linked: (/home/miguel/Documentos/EUFS/catkin_ws/devel/.private/eufs_msgs/share/common-lisp/ros/eufs_msgs/msg/_package_CarState.lisp, /home/miguel/Documentos/EUFS/catkin_ws/devel/share/common-lisp/ros/eufs_msgs/msg/_package_CarState.lisp)
Linked: (/home/miguel/Documentos/EUFS/catkin_ws/devel/.private/eufs_msgs/share/common-lisp/ros/eufs_msgs/msg/ConeArrayWithCovariance.lisp, /home/miguel/Documentos/EUFS/catkin_ws/devel/share/common-lisp/ros/eufs_msgs/msg/ConeArrayWithCovariance.lisp)
Linked: (/home/miguel/Documentos/EUFS/catkin_ws/devel/.private/eufs_msgs/share/common-lisp/ros/eufs_msgs/msg/_package_Costmap.lisp, /home/miguel/Documentos/EUFS/catkin_ws/devel/share/common-lisp/ros/eufs_msgs/msg/_package_Costmap.lisp)
Linked: (/home/miguel/Documentos/EUFS/catkin_ws/devel/.private/eufs_msgs/share/common-lisp/ros/eufs_msgs/msg/CheckForObjectsAction.lisp, /home/miguel/Documentos/EUFS/catkin_ws/devel/share/common-lisp/ros/eufs_msgs/msg/CheckForObjectsAction.lisp)
Linked: (/home/miguel/Documentos/EUFS/catkin_ws/devel/.private/eufs_msgs/share/common-lisp/ros/eufs_msgs/msg/_package_SystemStatus.lisp, /home/miguel/Documentos/EUFS/catkin_ws/devel/share/common-lisp/ros/eufs_msgs/msg/_package_SystemStatus.lisp)
Linked: (/home/miguel/Documentos/EUFS/catkin_ws/devel/.private/eufs_msgs/share/common-lisp/ros/eufs_msgs/msg/_package_ConeArray.lisp, /home/miguel/Documentos/EUFS/catkin_ws/devel/share/common-lisp/ros/eufs_msgs/msg/_package_ConeArray.lisp)
Linked: (/home/miguel/Documentos/EUFS/catkin_ws/devel/.private/eufs_msgs/share/common-lisp/ros/eufs_msgs/msg/TopicStatus.lisp, /home/miguel/Documentos/EUFS/catkin_ws/devel/share/common-lisp/ros/eufs_msgs/msg/TopicStatus.lisp)
Linked: (/home/miguel/Documentos/EUFS/catkin_ws/devel/.private/eufs_msgs/share/common-lisp/ros/eufs_msgs/msg/_package_PathIntegralStats.lisp, /home/miguel/Documentos/EUFS/catkin_ws/devel/share/common-lisp/ros/eufs_msgs/msg/_package_PathIntegralStats.lisp)
Linked: (/home/miguel/Documentos/EUFS/catkin_ws/devel/.private/eufs_msgs/share/common-lisp/ros/eufs_msgs/msg/_package_SLAMState.lisp, /home/miguel/Documentos/EUFS/catkin_ws/devel/share/common-lisp/ros/eufs_msgs/msg/_package_SLAMState.lisp)
Linked: (/home/miguel/Documentos/EUFS/catkin_ws/devel/.private/eufs_msgs/share/common-lisp/ros/eufs_msgs/msg/_package_ConeArrayWithCovariance.lisp, /home/miguel/Documentos/EUFS/catkin_ws/devel/share/common-lisp/ros/eufs_msgs/msg/_package_ConeArrayWithCovariance.lisp)
Linked: (/home/miguel/Documentos/EUFS/catkin_ws/devel/.private/eufs_msgs/share/common-lisp/ros/eufs_msgs/msg/PathIntegralStatus.lisp, /home/miguel/Documentos/EUFS/catkin_ws/devel/share/common-lisp/ros/eufs_msgs/msg/PathIntegralStatus.lisp)
Linked: (/home/miguel/Documentos/EUFS/catkin_ws/devel/.private/eufs_msgs/share/common-lisp/ros/eufs_msgs/msg/ChassisCommand.lisp, /home/miguel/Documentos/EUFS/catkin_ws/devel/share/common-lisp/ros/eufs_msgs/msg/ChassisCommand.lisp)
Linked: (/home/miguel/Documentos/EUFS/catkin_ws/devel/.private/eufs_msgs/share/common-lisp/ros/eufs_msgs/msg/Costmap.lisp, /home/miguel/Documentos/EUFS/catkin_ws/devel/share/common-lisp/ros/eufs_msgs/msg/Costmap.lisp)
Linked: (/home/miguel/Documentos/EUFS/catkin_ws/devel/.private/eufs_msgs/share/common-lisp/ros/eufs_msgs/msg/EKFState.lisp, /home/miguel/Documentos/EUFS/catkin_ws/devel/share/common-lisp/ros/eufs_msgs/msg/EKFState.lisp)
Linked: (/home/miguel/Documentos/EUFS/catkin_ws/devel/.private/eufs_msgs/share/common-lisp/ros/eufs_msgs/msg/CheckForObjectsFeedback.lisp, /home/miguel/Documentos/EUFS/catkin_ws/devel/share/common-lisp/ros/eufs_msgs/msg/CheckForObjectsFeedback.lisp)
Linked: (/home/miguel/Documentos/EUFS/catkin_ws/devel/.private/eufs_msgs/share/common-lisp/ros/eufs_msgs/msg/_package_PointArrayStamped.lisp, /home/miguel/Documentos/EUFS/catkin_ws/devel/share/common-lisp/ros/eufs_msgs/msg/_package_PointArrayStamped.lisp)
Linked: (/home/miguel/Documentos/EUFS/catkin_ws/devel/.private/eufs_msgs/share/common-lisp/ros/eufs_msgs/msg/_package_PointArray.lisp, /home/miguel/Documentos/EUFS/catkin_ws/devel/share/common-lisp/ros/eufs_msgs/msg/_package_PointArray.lisp)
Linked: (/home/miguel/Documentos/EUFS/catkin_ws/devel/.private/eufs_msgs/share/common-lisp/ros/eufs_msgs/msg/_package_BoundingBoxes.lisp, /home/miguel/Documentos/EUFS/catkin_ws/devel/share/common-lisp/ros/eufs_msgs/msg/_package_BoundingBoxes.lisp)
Linked: (/home/miguel/Documentos/EUFS/catkin_ws/devel/.private/eufs_msgs/share/common-lisp/ros/eufs_msgs/msg/CanState.lisp, /home/miguel/Documentos/EUFS/catkin_ws/devel/share/common-lisp/ros/eufs_msgs/msg/CanState.lisp)
Linked: (/home/miguel/Documentos/EUFS/catkin_ws/devel/.private/eufs_msgs/share/common-lisp/ros/eufs_msgs/msg/_package_Waypoint.lisp, /home/miguel/Documentos/EUFS/catkin_ws/devel/share/common-lisp/ros/eufs_msgs/msg/_package_Waypoint.lisp)
Linked: (/home/miguel/Documentos/EUFS/catkin_ws/devel/.private/eufs_msgs/share/common-lisp/ros/eufs_msgs/msg/PathIntegralTiming.lisp, /home/miguel/Documentos/EUFS/catkin_ws/devel/share/common-lisp/ros/eufs_msgs/msg/PathIntegralTiming.lisp)
Linked: (/home/miguel/Documentos/EUFS/catkin_ws/devel/.private/eufs_msgs/share/common-lisp/ros/eufs_msgs/msg/PointArrayStamped.lisp, /home/miguel/Documentos/EUFS/catkin_ws/devel/share/common-lisp/ros/eufs_msgs/msg/PointArrayStamped.lisp)
Linked: (/home/miguel/Documentos/EUFS/catkin_ws/devel/.private/eufs_msgs/share/common-lisp/ros/eufs_msgs/msg/_package_CheckForObjectsActionGoal.lisp, /home/miguel/Documentos/EUFS/catkin_ws/devel/share/common-lisp/ros/eufs_msgs/msg/_package_CheckForObjectsActionGoal.lisp)
Linked: (/home/miguel/Documentos/EUFS/catkin_ws/devel/.private/eufs_msgs/share/common-lisp/ros/eufs_msgs/msg/PathIntegralStats.lisp, /home/miguel/Documentos/EUFS/catkin_ws/devel/share/common-lisp/ros/eufs_msgs/msg/PathIntegralStats.lisp)
Linked: (/home/miguel/Documentos/EUFS/catkin_ws/devel/.private/eufs_msgs/share/common-lisp/ros/eufs_msgs/msg/_package_LapStats.lisp, /home/miguel/Documentos/EUFS/catkin_ws/devel/share/common-lisp/ros/eufs_msgs/msg/_package_LapStats.lisp)
Linked: (/home/miguel/Documentos/EUFS/catkin_ws/devel/.private/eufs_msgs/share/common-lisp/ros/eufs_msgs/msg/EKFErr.lisp, /home/miguel/Documentos/EUFS/catkin_ws/devel/share/common-lisp/ros/eufs_msgs/msg/EKFErr.lisp)
Linked: (/home/miguel/Documentos/EUFS/catkin_ws/devel/.private/eufs_msgs/share/common-lisp/ros/eufs_msgs/msg/ChassisState.lisp, /home/miguel/Documentos/EUFS/catkin_ws/devel/share/common-lisp/ros/eufs_msgs/msg/ChassisState.lisp)
Linked: (/home/miguel/Documentos/EUFS/catkin_ws/devel/.private/eufs_msgs/share/common-lisp/ros/eufs_msgs/msg/_package_ConeWithCovariance.lisp, /home/miguel/Documentos/EUFS/catkin_ws/devel/share/common-lisp/ros/eufs_msgs/msg/_package_ConeWithCovariance.lisp)
Linked: (/home/miguel/Documentos/EUFS/catkin_ws/devel/.private/eufs_msgs/share/common-lisp/ros/eufs_msgs/msg/Waypoint.lisp, /home/miguel/Documentos/EUFS/catkin_ws/devel/share/common-lisp/ros/eufs_msgs/msg/Waypoint.lisp)
Linked: (/home/miguel/Documentos/EUFS/catkin_ws/devel/.private/eufs_msgs/share/common-lisp/ros/eufs_msgs/msg/LapStats.lisp, /home/miguel/Documentos/EUFS/catkin_ws/devel/share/common-lisp/ros/eufs_msgs/msg/LapStats.lisp)
Linked: (/home/miguel/Documentos/EUFS/catkin_ws/devel/.private/eufs_msgs/share/common-lisp/ros/eufs_msgs/msg/_package_PathIntegralTiming.lisp, /home/miguel/Documentos/EUFS/catkin_ws/devel/share/common-lisp/ros/eufs_msgs/msg/_package_PathIntegralTiming.lisp)
Linked: (/home/miguel/Documentos/EUFS/catkin_ws/devel/.private/eufs_msgs/share/common-lisp/ros/eufs_msgs/msg/SystemStatus.lisp, /home/miguel/Documentos/EUFS/catkin_ws/devel/share/common-lisp/ros/eufs_msgs/msg/SystemStatus.lisp)
Linked: (/home/miguel/Documentos/EUFS/catkin_ws/devel/.private/eufs_msgs/share/common-lisp/ros/eufs_msgs/msg/CarState.lisp, /home/miguel/Documentos/EUFS/catkin_ws/devel/share/common-lisp/ros/eufs_msgs/msg/CarState.lisp)
Linked: (/home/miguel/Documentos/EUFS/catkin_ws/devel/.private/eufs_msgs/share/common-lisp/ros/eufs_msgs/msg/_package_WheelSpeeds.lisp, /home/miguel/Documentos/EUFS/catkin_ws/devel/share/common-lisp/ros/eufs_msgs/msg/_package_WheelSpeeds.lisp)
Linked: (/home/miguel/Documentos/EUFS/catkin_ws/devel/.private/eufs_msgs/share/common-lisp/ros/eufs_msgs/msg/_package_Runstop.lisp, /home/miguel/Documentos/EUFS/catkin_ws/devel/share/common-lisp/ros/eufs_msgs/msg/_package_Runstop.lisp)
Linked: (/home/miguel/Documentos/EUFS/catkin_ws/devel/.private/eufs_msgs/share/common-lisp/ros/eufs_msgs/msg/_package_SLAMErr.lisp, /home/miguel/Documentos/EUFS/catkin_ws/devel/share/common-lisp/ros/eufs_msgs/msg/_package_SLAMErr.lisp)
Linked: (/home/miguel/Documentos/EUFS/catkin_ws/devel/.private/eufs_msgs/share/common-lisp/ros/eufs_msgs/msg/PathIntegralParams.lisp, /home/miguel/Documentos/EUFS/catkin_ws/devel/share/common-lisp/ros/eufs_msgs/msg/PathIntegralParams.lisp)
Linked: (/home/miguel/Documentos/EUFS/catkin_ws/devel/.private/eufs_msgs/share/common-lisp/ros/eufs_msgs/msg/Runstop.lisp, /home/miguel/Documentos/EUFS/catkin_ws/devel/share/common-lisp/ros/eufs_msgs/msg/Runstop.lisp)
Linked: (/home/miguel/Documentos/EUFS/catkin_ws/devel/.private/eufs_msgs/share/common-lisp/ros/eufs_msgs/msg/CheckForObjectsActionResult.lisp, /home/miguel/Documentos/EUFS/catkin_ws/devel/share/common-lisp/ros/eufs_msgs/msg/CheckForObjectsActionResult.lisp)
Linked: (/home/miguel/Documentos/EUFS/catkin_ws/devel/.private/eufs_msgs/share/common-lisp/ros/eufs_msgs/msg/CheckForObjectsResult.lisp, /home/miguel/Documentos/EUFS/catkin_ws/devel/share/common-lisp/ros/eufs_msgs/msg/CheckForObjectsResult.lisp)
Linked: (/home/miguel/Documentos/EUFS/catkin_ws/devel/.private/eufs_msgs/share/common-lisp/ros/eufs_msgs/msg/PointArray.lisp, /home/miguel/Documentos/EUFS/catkin_ws/devel/share/common-lisp/ros/eufs_msgs/msg/PointArray.lisp)
Linked: (/home/miguel/Documentos/EUFS/catkin_ws/devel/.private/eufs_msgs/share/common-lisp/ros/eufs_msgs/msg/_package_CheckForObjectsActionResult.lisp, /home/miguel/Documentos/EUFS/catkin_ws/devel/share/common-lisp/ros/eufs_msgs/msg/_package_CheckForObjectsActionResult.lisp)
Linked: (/home/miguel/Documentos/EUFS/catkin_ws/devel/.private/eufs_msgs/share/common-lisp/ros/eufs_msgs/msg/_package_EKFState.lisp, /home/miguel/Documentos/EUFS/catkin_ws/devel/share/common-lisp/ros/eufs_msgs/msg/_package_EKFState.lisp)
Linked: (/home/miguel/Documentos/EUFS/catkin_ws/devel/.private/eufs_msgs/share/common-lisp/ros/eufs_msgs/msg/ConeArray.lisp, /home/miguel/Documentos/EUFS/catkin_ws/devel/share/common-lisp/ros/eufs_msgs/msg/ConeArray.lisp)
Linked: (/home/miguel/Documentos/EUFS/catkin_ws/devel/.private/eufs_msgs/share/common-lisp/ros/eufs_msgs/msg/_package.lisp, /home/miguel/Documentos/EUFS/catkin_ws/devel/share/common-lisp/ros/eufs_msgs/msg/_package.lisp)
Linked: (/home/miguel/Documentos/EUFS/catkin_ws/devel/.private/eufs_msgs/share/common-lisp/ros/eufs_msgs/msg/BoundingBox.lisp, /home/miguel/Documentos/EUFS/catkin_ws/devel/share/common-lisp/ros/eufs_msgs/msg/BoundingBox.lisp)
Linked: (/home/miguel/Documentos/EUFS/catkin_ws/devel/.private/eufs_msgs/share/common-lisp/ros/eufs_msgs/msg/_package_EKFErr.lisp, /home/miguel/Documentos/EUFS/catkin_ws/devel/share/common-lisp/ros/eufs_msgs/msg/_package_EKFErr.lisp)
Linked: (/home/miguel/Documentos/EUFS/catkin_ws/devel/.private/eufs_msgs/share/common-lisp/ros/eufs_msgs/msg/_package_FullState.lisp, /home/miguel/Documentos/EUFS/catkin_ws/devel/share/common-lisp/ros/eufs_msgs/msg/_package_FullState.lisp)
Linked: (/home/miguel/Documentos/EUFS/catkin_ws/devel/.private/eufs_msgs/share/common-lisp/ros/eufs_msgs/msg/WaypointArrayStamped.lisp, /home/miguel/Documentos/EUFS/catkin_ws/devel/share/common-lisp/ros/eufs_msgs/msg/WaypointArrayStamped.lisp)
Linked: (/home/miguel/Documentos/EUFS/catkin_ws/devel/.private/eufs_msgs/share/common-lisp/ros/eufs_msgs/msg/BoundingBoxes.lisp, /home/miguel/Documentos/EUFS/catkin_ws/devel/share/common-lisp/ros/eufs_msgs/msg/BoundingBoxes.lisp)
Linked: (/home/miguel/Documentos/EUFS/catkin_ws/devel/.private/eufs_msgs/share/common-lisp/ros/eufs_msgs/msg/_package_WheelSpeedsStamped.lisp, /home/miguel/Documentos/EUFS/catkin_ws/devel/share/common-lisp/ros/eufs_msgs/msg/_package_WheelSpeedsStamped.lisp)
Linked: (/home/miguel/Documentos/EUFS/catkin_ws/devel/.private/eufs_msgs/share/common-lisp/ros/eufs_msgs/msg/WheelSpeeds.lisp, /home/miguel/Documentos/EUFS/catkin_ws/devel/share/common-lisp/ros/eufs_msgs/msg/WheelSpeeds.lisp)
Linked: (/home/miguel/Documentos/EUFS/catkin_ws/devel/.private/eufs_msgs/share/common-lisp/ros/eufs_msgs/msg/_package_CheckForObjectsGoal.lisp, /home/miguel/Documentos/EUFS/catkin_ws/devel/share/common-lisp/ros/eufs_msgs/msg/_package_CheckForObjectsGoal.lisp)
Linked: (/home/miguel/Documentos/EUFS/catkin_ws/devel/.private/eufs_msgs/share/common-lisp/ros/eufs_msgs/msg/_package_CanState.lisp, /home/miguel/Documentos/EUFS/catkin_ws/devel/share/common-lisp/ros/eufs_msgs/msg/_package_CanState.lisp)
Linked: (/home/miguel/Documentos/EUFS/catkin_ws/devel/.private/eufs_msgs/share/common-lisp/ros/eufs_msgs/msg/_package_WaypointArrayStamped.lisp, /home/miguel/Documentos/EUFS/catkin_ws/devel/share/common-lisp/ros/eufs_msgs/msg/_package_WaypointArrayStamped.lisp)
Linked: (/home/miguel/Documentos/EUFS/catkin_ws/devel/.private/eufs_msgs/share/common-lisp/ros/eufs_msgs/msg/SLAMState.lisp, /home/miguel/Documentos/EUFS/catkin_ws/devel/share/common-lisp/ros/eufs_msgs/msg/SLAMState.lisp)
Linked: (/home/miguel/Documentos/EUFS/catkin_ws/devel/.private/eufs_msgs/share/common-lisp/ros/eufs_msgs/msg/_package_CheckForObjectsResult.lisp, /home/miguel/Documentos/EUFS/catkin_ws/devel/share/common-lisp/ros/eufs_msgs/msg/_package_CheckForObjectsResult.lisp)
Linked: (/home/miguel/Documentos/EUFS/catkin_ws/devel/.private/eufs_msgs/share/common-lisp/ros/eufs_msgs/msg/FullState.lisp, /home/miguel/Documentos/EUFS/catkin_ws/devel/share/common-lisp/ros/eufs_msgs/msg/FullState.lisp)
Linked: (/home/miguel/Documentos/EUFS/catkin_ws/devel/.private/eufs_msgs/share/roseus/ros/eufs_msgs/manifest.l, /home/miguel/Documentos/EUFS/catkin_ws/devel/share/roseus/ros/eufs_msgs/manifest.l)
Linked: (/home/miguel/Documentos/EUFS/catkin_ws/devel/.private/eufs_msgs/share/roseus/ros/eufs_msgs/msg/Costmap.l, /home/miguel/Documentos/EUFS/catkin_ws/devel/share/roseus/ros/eufs_msgs/msg/Costmap.l)
Linked: (/home/miguel/Documentos/EUFS/catkin_ws/devel/.private/eufs_msgs/share/roseus/ros/eufs_msgs/msg/PointArrayStamped.l, /home/miguel/Documentos/EUFS/catkin_ws/devel/share/roseus/ros/eufs_msgs/msg/PointArrayStamped.l)
Linked: (/home/miguel/Documentos/EUFS/catkin_ws/devel/.private/eufs_msgs/share/roseus/ros/eufs_msgs/msg/LapStats.l, /home/miguel/Documentos/EUFS/catkin_ws/devel/share/roseus/ros/eufs_msgs/msg/LapStats.l)
Linked: (/home/miguel/Documentos/EUFS/catkin_ws/devel/.private/eufs_msgs/share/roseus/ros/eufs_msgs/msg/ChassisCommand.l, /home/miguel/Documentos/EUFS/catkin_ws/devel/share/roseus/ros/eufs_msgs/msg/ChassisCommand.l)
Linked: (/home/miguel/Documentos/EUFS/catkin_ws/devel/.private/eufs_msgs/share/roseus/ros/eufs_msgs/msg/FullState.l, /home/miguel/Documentos/EUFS/catkin_ws/devel/share/roseus/ros/eufs_msgs/msg/FullState.l)
Linked: (/home/miguel/Documentos/EUFS/catkin_ws/devel/.private/eufs_msgs/share/roseus/ros/eufs_msgs/msg/Runstop.l, /home/miguel/Documentos/EUFS/catkin_ws/devel/share/roseus/ros/eufs_msgs/msg/Runstop.l)
Linked: (/home/miguel/Documentos/EUFS/catkin_ws/devel/.private/eufs_msgs/share/roseus/ros/eufs_msgs/msg/WheelSpeeds.l, /home/miguel/Documentos/EUFS/catkin_ws/devel/share/roseus/ros/eufs_msgs/msg/WheelSpeeds.l)
Linked: (/home/miguel/Documentos/EUFS/catkin_ws/devel/.private/eufs_msgs/share/roseus/ros/eufs_msgs/msg/CanState.l, /home/miguel/Documentos/EUFS/catkin_ws/devel/share/roseus/ros/eufs_msgs/msg/CanState.l)
Linked: (/home/miguel/Documentos/EUFS/catkin_ws/devel/.private/eufs_msgs/share/roseus/ros/eufs_msgs/msg/EKFErr.l, /home/miguel/Documentos/EUFS/catkin_ws/devel/share/roseus/ros/eufs_msgs/msg/EKFErr.l)
Linked: (/home/miguel/Documentos/EUFS/catkin_ws/devel/.private/eufs_msgs/share/roseus/ros/eufs_msgs/msg/PathIntegralStatus.l, /home/miguel/Documentos/EUFS/catkin_ws/devel/share/roseus/ros/eufs_msgs/msg/PathIntegralStatus.l)
Linked: (/home/miguel/Documentos/EUFS/catkin_ws/devel/.private/eufs_msgs/share/roseus/ros/eufs_msgs/msg/WheelSpeedsStamped.l, /home/miguel/Documentos/EUFS/catkin_ws/devel/share/roseus/ros/eufs_msgs/msg/WheelSpeedsStamped.l)
Linked: (/home/miguel/Documentos/EUFS/catkin_ws/devel/.private/eufs_msgs/share/roseus/ros/eufs_msgs/msg/CheckForObjectsActionGoal.l, /home/miguel/Documentos/EUFS/catkin_ws/devel/share/roseus/ros/eufs_msgs/msg/CheckForObjectsActionGoal.l)
Linked: (/home/miguel/Documentos/EUFS/catkin_ws/devel/.private/eufs_msgs/share/roseus/ros/eufs_msgs/msg/PointArray.l, /home/miguel/Documentos/EUFS/catkin_ws/devel/share/roseus/ros/eufs_msgs/msg/PointArray.l)
Linked: (/home/miguel/Documentos/EUFS/catkin_ws/devel/.private/eufs_msgs/share/roseus/ros/eufs_msgs/msg/ConeWithCovariance.l, /home/miguel/Documentos/EUFS/catkin_ws/devel/share/roseus/ros/eufs_msgs/msg/ConeWithCovariance.l)
Linked: (/home/miguel/Documentos/EUFS/catkin_ws/devel/.private/eufs_msgs/share/roseus/ros/eufs_msgs/msg/WaypointArrayStamped.l, /home/miguel/Documentos/EUFS/catkin_ws/devel/share/roseus/ros/eufs_msgs/msg/WaypointArrayStamped.l)
Linked: (/home/miguel/Documentos/EUFS/catkin_ws/devel/.private/eufs_msgs/share/roseus/ros/eufs_msgs/msg/PathIntegralStats.l, /home/miguel/Documentos/EUFS/catkin_ws/devel/share/roseus/ros/eufs_msgs/msg/PathIntegralStats.l)
Linked: (/home/miguel/Documentos/EUFS/catkin_ws/devel/.private/eufs_msgs/share/roseus/ros/eufs_msgs/msg/ConeArrayWithCovariance.l, /home/miguel/Documentos/EUFS/catkin_ws/devel/share/roseus/ros/eufs_msgs/msg/ConeArrayWithCovariance.l)
Linked: (/home/miguel/Documentos/EUFS/catkin_ws/devel/.private/eufs_msgs/share/roseus/ros/eufs_msgs/msg/ChassisState.l, /home/miguel/Documentos/EUFS/catkin_ws/devel/share/roseus/ros/eufs_msgs/msg/ChassisState.l)
Linked: (/home/miguel/Documentos/EUFS/catkin_ws/devel/.private/eufs_msgs/share/roseus/ros/eufs_msgs/msg/CheckForObjectsResult.l, /home/miguel/Documentos/EUFS/catkin_ws/devel/share/roseus/ros/eufs_msgs/msg/CheckForObjectsResult.l)
Linked: (/home/miguel/Documentos/EUFS/catkin_ws/devel/.private/eufs_msgs/share/roseus/ros/eufs_msgs/msg/TopicStatus.l, /home/miguel/Documentos/EUFS/catkin_ws/devel/share/roseus/ros/eufs_msgs/msg/TopicStatus.l)
Linked: (/home/miguel/Documentos/EUFS/catkin_ws/devel/.private/eufs_msgs/share/roseus/ros/eufs_msgs/msg/CarState.l, /home/miguel/Documentos/EUFS/catkin_ws/devel/share/roseus/ros/eufs_msgs/msg/CarState.l)
Linked: (/home/miguel/Documentos/EUFS/catkin_ws/devel/.private/eufs_msgs/share/roseus/ros/eufs_msgs/msg/Waypoint.l, /home/miguel/Documentos/EUFS/catkin_ws/devel/share/roseus/ros/eufs_msgs/msg/Waypoint.l)
Linked: (/home/miguel/Documentos/EUFS/catkin_ws/devel/.private/eufs_msgs/share/roseus/ros/eufs_msgs/msg/SLAMState.l, /home/miguel/Documentos/EUFS/catkin_ws/devel/share/roseus/ros/eufs_msgs/msg/SLAMState.l)
Linked: (/home/miguel/Documentos/EUFS/catkin_ws/devel/.private/eufs_msgs/share/roseus/ros/eufs_msgs/msg/CheckForObjectsAction.l, /home/miguel/Documentos/EUFS/catkin_ws/devel/share/roseus/ros/eufs_msgs/msg/CheckForObjectsAction.l)
Linked: (/home/miguel/Documentos/EUFS/catkin_ws/devel/.private/eufs_msgs/share/roseus/ros/eufs_msgs/msg/SLAMErr.l, /home/miguel/Documentos/EUFS/catkin_ws/devel/share/roseus/ros/eufs_msgs/msg/SLAMErr.l)
Linked: (/home/miguel/Documentos/EUFS/catkin_ws/devel/.private/eufs_msgs/share/roseus/ros/eufs_msgs/msg/CheckForObjectsGoal.l, /home/miguel/Documentos/EUFS/catkin_ws/devel/share/roseus/ros/eufs_msgs/msg/CheckForObjectsGoal.l)
Linked: (/home/miguel/Documentos/EUFS/catkin_ws/devel/.private/eufs_msgs/share/roseus/ros/eufs_msgs/msg/CheckForObjectsActionFeedback.l, /home/miguel/Documentos/EUFS/catkin_ws/devel/share/roseus/ros/eufs_msgs/msg/CheckForObjectsActionFeedback.l)
Linked: (/home/miguel/Documentos/EUFS/catkin_ws/devel/.private/eufs_msgs/share/roseus/ros/eufs_msgs/msg/CheckForObjectsFeedback.l, /home/miguel/Documentos/EUFS/catkin_ws/devel/share/roseus/ros/eufs_msgs/msg/CheckForObjectsFeedback.l)
Linked: (/home/miguel/Documentos/EUFS/catkin_ws/devel/.private/eufs_msgs/share/roseus/ros/eufs_msgs/msg/BoundingBoxes.l, /home/miguel/Documentos/EUFS/catkin_ws/devel/share/roseus/ros/eufs_msgs/msg/BoundingBoxes.l)
Linked: (/home/miguel/Documentos/EUFS/catkin_ws/devel/.private/eufs_msgs/share/roseus/ros/eufs_msgs/msg/CheckForObjectsActionResult.l, /home/miguel/Documentos/EUFS/catkin_ws/devel/share/roseus/ros/eufs_msgs/msg/CheckForObjectsActionResult.l)
Linked: (/home/miguel/Documentos/EUFS/catkin_ws/devel/.private/eufs_msgs/share/roseus/ros/eufs_msgs/msg/BoundingBox.l, /home/miguel/Documentos/EUFS/catkin_ws/devel/share/roseus/ros/eufs_msgs/msg/BoundingBox.l)
Linked: (/home/miguel/Documentos/EUFS/catkin_ws/devel/.private/eufs_msgs/share/roseus/ros/eufs_msgs/msg/PathIntegralTiming.l, /home/miguel/Documentos/EUFS/catkin_ws/devel/share/roseus/ros/eufs_msgs/msg/PathIntegralTiming.l)
Linked: (/home/miguel/Documentos/EUFS/catkin_ws/devel/.private/eufs_msgs/share/roseus/ros/eufs_msgs/msg/PathIntegralParams.l, /home/miguel/Documentos/EUFS/catkin_ws/devel/share/roseus/ros/eufs_msgs/msg/PathIntegralParams.l)
Linked: (/home/miguel/Documentos/EUFS/catkin_ws/devel/.private/eufs_msgs/share/roseus/ros/eufs_msgs/msg/EKFState.l, /home/miguel/Documentos/EUFS/catkin_ws/devel/share/roseus/ros/eufs_msgs/msg/EKFState.l)
Linked: (/home/miguel/Documentos/EUFS/catkin_ws/devel/.private/eufs_msgs/share/roseus/ros/eufs_msgs/msg/SystemStatus.l, /home/miguel/Documentos/EUFS/catkin_ws/devel/share/roseus/ros/eufs_msgs/msg/SystemStatus.l)
Linked: (/home/miguel/Documentos/EUFS/catkin_ws/devel/.private/eufs_msgs/share/roseus/ros/eufs_msgs/msg/ConeArray.l, /home/miguel/Documentos/EUFS/catkin_ws/devel/share/roseus/ros/eufs_msgs/msg/ConeArray.l)
Linked: (/home/miguel/Documentos/EUFS/catkin_ws/devel/.private/eufs_msgs/share/gennodejs/ros/eufs_msgs/_index.js, /home/miguel/Documentos/EUFS/catkin_ws/devel/share/gennodejs/ros/eufs_msgs/_index.js)
Linked: (/home/miguel/Documentos/EUFS/catkin_ws/devel/.private/eufs_msgs/share/gennodejs/ros/eufs_msgs/msg/WheelSpeedsStamped.js, /home/miguel/Documentos/EUFS/catkin_ws/devel/share/gennodejs/ros/eufs_msgs/msg/WheelSpeedsStamped.js)
Linked: (/home/miguel/Documentos/EUFS/catkin_ws/devel/.private/eufs_msgs/share/gennodejs/ros/eufs_msgs/msg/CarState.js, /home/miguel/Documentos/EUFS/catkin_ws/devel/share/gennodejs/ros/eufs_msgs/msg/CarState.js)
Linked: (/home/miguel/Documentos/EUFS/catkin_ws/devel/.private/eufs_msgs/share/gennodejs/ros/eufs_msgs/msg/ChassisCommand.js, /home/miguel/Documentos/EUFS/catkin_ws/devel/share/gennodejs/ros/eufs_msgs/msg/ChassisCommand.js)
Linked: (/home/miguel/Documentos/EUFS/catkin_ws/devel/.private/eufs_msgs/share/gennodejs/ros/eufs_msgs/msg/CheckForObjectsFeedback.js, /home/miguel/Documentos/EUFS/catkin_ws/devel/share/gennodejs/ros/eufs_msgs/msg/CheckForObjectsFeedback.js)
Linked: (/home/miguel/Documentos/EUFS/catkin_ws/devel/.private/eufs_msgs/share/gennodejs/ros/eufs_msgs/msg/SLAMErr.js, /home/miguel/Documentos/EUFS/catkin_ws/devel/share/gennodejs/ros/eufs_msgs/msg/SLAMErr.js)
Linked: (/home/miguel/Documentos/EUFS/catkin_ws/devel/.private/eufs_msgs/share/gennodejs/ros/eufs_msgs/msg/PathIntegralStats.js, /home/miguel/Documentos/EUFS/catkin_ws/devel/share/gennodejs/ros/eufs_msgs/msg/PathIntegralStats.js)
Linked: (/home/miguel/Documentos/EUFS/catkin_ws/devel/.private/eufs_msgs/share/gennodejs/ros/eufs_msgs/msg/ChassisState.js, /home/miguel/Documentos/EUFS/catkin_ws/devel/share/gennodejs/ros/eufs_msgs/msg/ChassisState.js)
Linked: (/home/miguel/Documentos/EUFS/catkin_ws/devel/.private/eufs_msgs/share/gennodejs/ros/eufs_msgs/msg/SystemStatus.js, /home/miguel/Documentos/EUFS/catkin_ws/devel/share/gennodejs/ros/eufs_msgs/msg/SystemStatus.js)
Linked: (/home/miguel/Documentos/EUFS/catkin_ws/devel/.private/eufs_msgs/share/gennodejs/ros/eufs_msgs/msg/TopicStatus.js, /home/miguel/Documentos/EUFS/catkin_ws/devel/share/gennodejs/ros/eufs_msgs/msg/TopicStatus.js)
Linked: (/home/miguel/Documentos/EUFS/catkin_ws/devel/.private/eufs_msgs/share/gennodejs/ros/eufs_msgs/msg/ConeArray.js, /home/miguel/Documentos/EUFS/catkin_ws/devel/share/gennodejs/ros/eufs_msgs/msg/ConeArray.js)
Linked: (/home/miguel/Documentos/EUFS/catkin_ws/devel/.private/eufs_msgs/share/gennodejs/ros/eufs_msgs/msg/CheckForObjectsAction.js, /home/miguel/Documentos/EUFS/catkin_ws/devel/share/gennodejs/ros/eufs_msgs/msg/CheckForObjectsAction.js)
Linked: (/home/miguel/Documentos/EUFS/catkin_ws/devel/.private/eufs_msgs/share/gennodejs/ros/eufs_msgs/msg/SLAMState.js, /home/miguel/Documentos/EUFS/catkin_ws/devel/share/gennodejs/ros/eufs_msgs/msg/SLAMState.js)
Linked: (/home/miguel/Documentos/EUFS/catkin_ws/devel/.private/eufs_msgs/share/gennodejs/ros/eufs_msgs/msg/Runstop.js, /home/miguel/Documentos/EUFS/catkin_ws/devel/share/gennodejs/ros/eufs_msgs/msg/Runstop.js)
Linked: (/home/miguel/Documentos/EUFS/catkin_ws/devel/.private/eufs_msgs/share/gennodejs/ros/eufs_msgs/msg/CanState.js, /home/miguel/Documentos/EUFS/catkin_ws/devel/share/gennodejs/ros/eufs_msgs/msg/CanState.js)
Linked: (/home/miguel/Documentos/EUFS/catkin_ws/devel/.private/eufs_msgs/share/gennodejs/ros/eufs_msgs/msg/FullState.js, /home/miguel/Documentos/EUFS/catkin_ws/devel/share/gennodejs/ros/eufs_msgs/msg/FullState.js)
Linked: (/home/miguel/Documentos/EUFS/catkin_ws/devel/.private/eufs_msgs/share/gennodejs/ros/eufs_msgs/msg/WaypointArrayStamped.js, /home/miguel/Documentos/EUFS/catkin_ws/devel/share/gennodejs/ros/eufs_msgs/msg/WaypointArrayStamped.js)
Linked: (/home/miguel/Documentos/EUFS/catkin_ws/devel/.private/eufs_msgs/share/gennodejs/ros/eufs_msgs/msg/WheelSpeeds.js, /home/miguel/Documentos/EUFS/catkin_ws/devel/share/gennodejs/ros/eufs_msgs/msg/WheelSpeeds.js)
Linked: (/home/miguel/Documentos/EUFS/catkin_ws/devel/.private/eufs_msgs/share/gennodejs/ros/eufs_msgs/msg/PathIntegralTiming.js, /home/miguel/Documentos/EUFS/catkin_ws/devel/share/gennodejs/ros/eufs_msgs/msg/PathIntegralTiming.js)
Linked: (/home/miguel/Documentos/EUFS/catkin_ws/devel/.private/eufs_msgs/share/gennodejs/ros/eufs_msgs/msg/CheckForObjectsResult.js, /home/miguel/Documentos/EUFS/catkin_ws/devel/share/gennodejs/ros/eufs_msgs/msg/CheckForObjectsResult.js)
Linked: (/home/miguel/Documentos/EUFS/catkin_ws/devel/.private/eufs_msgs/share/gennodejs/ros/eufs_msgs/msg/PointArrayStamped.js, /home/miguel/Documentos/EUFS/catkin_ws/devel/share/gennodejs/ros/eufs_msgs/msg/PointArrayStamped.js)
Linked: (/home/miguel/Documentos/EUFS/catkin_ws/devel/.private/eufs_msgs/share/gennodejs/ros/eufs_msgs/msg/ConeArrayWithCovariance.js, /home/miguel/Documentos/EUFS/catkin_ws/devel/share/gennodejs/ros/eufs_msgs/msg/ConeArrayWithCovariance.js)
Linked: (/home/miguel/Documentos/EUFS/catkin_ws/devel/.private/eufs_msgs/share/gennodejs/ros/eufs_msgs/msg/ConeWithCovariance.js, /home/miguel/Documentos/EUFS/catkin_ws/devel/share/gennodejs/ros/eufs_msgs/msg/ConeWithCovariance.js)
Linked: (/home/miguel/Documentos/EUFS/catkin_ws/devel/.private/eufs_msgs/share/gennodejs/ros/eufs_msgs/msg/CheckForObjectsActionGoal.js, /home/miguel/Documentos/EUFS/catkin_ws/devel/share/gennodejs/ros/eufs_msgs/msg/CheckForObjectsActionGoal.js)
Linked: (/home/miguel/Documentos/EUFS/catkin_ws/devel/.private/eufs_msgs/share/gennodejs/ros/eufs_msgs/msg/EKFState.js, /home/miguel/Documentos/EUFS/catkin_ws/devel/share/gennodejs/ros/eufs_msgs/msg/EKFState.js)
Linked: (/home/miguel/Documentos/EUFS/catkin_ws/devel/.private/eufs_msgs/share/gennodejs/ros/eufs_msgs/msg/Costmap.js, /home/miguel/Documentos/EUFS/catkin_ws/devel/share/gennodejs/ros/eufs_msgs/msg/Costmap.js)
Linked: (/home/miguel/Documentos/EUFS/catkin_ws/devel/.private/eufs_msgs/share/gennodejs/ros/eufs_msgs/msg/CheckForObjectsActionResult.js, /home/miguel/Documentos/EUFS/catkin_ws/devel/share/gennodejs/ros/eufs_msgs/msg/CheckForObjectsActionResult.js)
Linked: (/home/miguel/Documentos/EUFS/catkin_ws/devel/.private/eufs_msgs/share/gennodejs/ros/eufs_msgs/msg/PathIntegralParams.js, /home/miguel/Documentos/EUFS/catkin_ws/devel/share/gennodejs/ros/eufs_msgs/msg/PathIntegralParams.js)
Linked: (/home/miguel/Documentos/EUFS/catkin_ws/devel/.private/eufs_msgs/share/gennodejs/ros/eufs_msgs/msg/CheckForObjectsActionFeedback.js, /home/miguel/Documentos/EUFS/catkin_ws/devel/share/gennodejs/ros/eufs_msgs/msg/CheckForObjectsActionFeedback.js)
Linked: (/home/miguel/Documentos/EUFS/catkin_ws/devel/.private/eufs_msgs/share/gennodejs/ros/eufs_msgs/msg/_index.js, /home/miguel/Documentos/EUFS/catkin_ws/devel/share/gennodejs/ros/eufs_msgs/msg/_index.js)
Linked: (/home/miguel/Documentos/EUFS/catkin_ws/devel/.private/eufs_msgs/share/gennodejs/ros/eufs_msgs/msg/CheckForObjectsGoal.js, /home/miguel/Documentos/EUFS/catkin_ws/devel/share/gennodejs/ros/eufs_msgs/msg/CheckForObjectsGoal.js)
Linked: (/home/miguel/Documentos/EUFS/catkin_ws/devel/.private/eufs_msgs/share/gennodejs/ros/eufs_msgs/msg/BoundingBoxes.js, /home/miguel/Documentos/EUFS/catkin_ws/devel/share/gennodejs/ros/eufs_msgs/msg/BoundingBoxes.js)
Linked: (/home/miguel/Documentos/EUFS/catkin_ws/devel/.private/eufs_msgs/share/gennodejs/ros/eufs_msgs/msg/LapStats.js, /home/miguel/Documentos/EUFS/catkin_ws/devel/share/gennodejs/ros/eufs_msgs/msg/LapStats.js)
Linked: (/home/miguel/Documentos/EUFS/catkin_ws/devel/.private/eufs_msgs/share/gennodejs/ros/eufs_msgs/msg/EKFErr.js, /home/miguel/Documentos/EUFS/catkin_ws/devel/share/gennodejs/ros/eufs_msgs/msg/EKFErr.js)
Linked: (/home/miguel/Documentos/EUFS/catkin_ws/devel/.private/eufs_msgs/share/gennodejs/ros/eufs_msgs/msg/PointArray.js, /home/miguel/Documentos/EUFS/catkin_ws/devel/share/gennodejs/ros/eufs_msgs/msg/PointArray.js)
Linked: (/home/miguel/Documentos/EUFS/catkin_ws/devel/.private/eufs_msgs/share/gennodejs/ros/eufs_msgs/msg/PathIntegralStatus.js, /home/miguel/Documentos/EUFS/catkin_ws/devel/share/gennodejs/ros/eufs_msgs/msg/PathIntegralStatus.js)
Linked: (/home/miguel/Documentos/EUFS/catkin_ws/devel/.private/eufs_msgs/share/gennodejs/ros/eufs_msgs/msg/BoundingBox.js, /home/miguel/Documentos/EUFS/catkin_ws/devel/share/gennodejs/ros/eufs_msgs/msg/BoundingBox.js)
Linked: (/home/miguel/Documentos/EUFS/catkin_ws/devel/.private/eufs_msgs/share/gennodejs/ros/eufs_msgs/msg/Waypoint.js, /home/miguel/Documentos/EUFS/catkin_ws/devel/share/gennodejs/ros/eufs_msgs/msg/Waypoint.js)
