Determining if the pthread_create exist failed with the following output:
Change Dir: /home/miguel/Documentos/EUFS/catkin_ws/build/eufs_gazebo/CMakeFiles/CMakeTmp

Run Build Command:"/usr/bin/make" "cmTC_9d3ba/fast"
/usr/bin/make -f CMakeFiles/cmTC_9d3ba.dir/build.make CMakeFiles/cmTC_9d3ba.dir/build
make[1]: se entra en el directorio '/home/miguel/Documentos/EUFS/catkin_ws/build/eufs_gazebo/CMakeFiles/CMakeTmp'
Building C object CMakeFiles/cmTC_9d3ba.dir/CheckSymbolExists.c.o
/usr/bin/cc    -o CMakeFiles/cmTC_9d3ba.dir/CheckSymbolExists.c.o   -c /home/miguel/Documentos/EUFS/catkin_ws/build/eufs_gazebo/CMakeFiles/CMakeTmp/CheckSymbolExists.c
Linking C executable cmTC_9d3ba
/usr/bin/cmake -E cmake_link_script CMakeFiles/cmTC_9d3ba.dir/link.txt --verbose=1
/usr/bin/cc      -rdynamic CMakeFiles/cmTC_9d3ba.dir/CheckSymbolExists.c.o  -o cmTC_9d3ba 
CMakeFiles/cmTC_9d3ba.dir/CheckSymbolExists.c.o: En la función `main':
CheckSymbolExists.c:(.text+0x1b): referencia a `pthread_create' sin definir
collect2: error: ld returned 1 exit status
CMakeFiles/cmTC_9d3ba.dir/build.make:97: fallo en las instrucciones para el objetivo 'cmTC_9d3ba'
make[1]: *** [cmTC_9d3ba] Error 1
make[1]: se sale del directorio '/home/miguel/Documentos/EUFS/catkin_ws/build/eufs_gazebo/CMakeFiles/CMakeTmp'
Makefile:126: fallo en las instrucciones para el objetivo 'cmTC_9d3ba/fast'
make: *** [cmTC_9d3ba/fast] Error 2

File /home/miguel/Documentos/EUFS/catkin_ws/build/eufs_gazebo/CMakeFiles/CMakeTmp/CheckSymbolExists.c:
/* */
#include <pthread.h>

int main(int argc, char** argv)
{
  (void)argv;
#ifndef pthread_create
  return ((int*)(&pthread_create))[argc];
#else
  (void)argc;
  return 0;
#endif
}

Determining if the function pthread_create exists in the pthreads failed with the following output:
Change Dir: /home/miguel/Documentos/EUFS/catkin_ws/build/eufs_gazebo/CMakeFiles/CMakeTmp

Run Build Command:"/usr/bin/make" "cmTC_1c618/fast"
/usr/bin/make -f CMakeFiles/cmTC_1c618.dir/build.make CMakeFiles/cmTC_1c618.dir/build
make[1]: se entra en el directorio '/home/miguel/Documentos/EUFS/catkin_ws/build/eufs_gazebo/CMakeFiles/CMakeTmp'
Building C object CMakeFiles/cmTC_1c618.dir/CheckFunctionExists.c.o
/usr/bin/cc   -DCHECK_FUNCTION_EXISTS=pthread_create   -o CMakeFiles/cmTC_1c618.dir/CheckFunctionExists.c.o   -c /usr/share/cmake-3.10/Modules/CheckFunctionExists.c
Linking C executable cmTC_1c618
/usr/bin/cmake -E cmake_link_script CMakeFiles/cmTC_1c618.dir/link.txt --verbose=1
/usr/bin/cc  -DCHECK_FUNCTION_EXISTS=pthread_create    -rdynamic CMakeFiles/cmTC_1c618.dir/CheckFunctionExists.c.o  -o cmTC_1c618 -lpthreads 
/usr/bin/ld: no se puede encontrar -lpthreads
collect2: error: ld returned 1 exit status
CMakeFiles/cmTC_1c618.dir/build.make:97: fallo en las instrucciones para el objetivo 'cmTC_1c618'
make[1]: *** [cmTC_1c618] Error 1
make[1]: se sale del directorio '/home/miguel/Documentos/EUFS/catkin_ws/build/eufs_gazebo/CMakeFiles/CMakeTmp'
Makefile:126: fallo en las instrucciones para el objetivo 'cmTC_1c618/fast'
make: *** [cmTC_1c618/fast] Error 2


